\BOOKMARK [1][-]{section.1}{\376\377\000I\000n\000t\000r\000o\000d\000u\000c\000t\000i\000o\000n}{}% 1
\BOOKMARK [1][-]{section.2}{\376\377\000R\000e\000l\000a\000t\000e\000d\000\040\000W\000o\000r\000k}{}% 2
\BOOKMARK [1][-]{section.3}{\376\377\000M\000e\000t\000h\000o\000d}{}% 3
\BOOKMARK [1][-]{section.4}{\376\377\000E\000x\000p\000e\000r\000i\000m\000e\000n\000t\000s}{}% 4
\BOOKMARK [2][-]{subsection.4.1}{\376\377\000E\000x\000p\000e\000r\000i\000m\000e\000n\000t\000a\000l\000\040\000S\000e\000t\000u\000p}{section.4}% 5
\BOOKMARK [2][-]{subsection.4.2}{\376\377\000C\000o\000r\000e\000\040\000R\000e\000s\000u\000l\000t\000s}{section.4}% 6
\BOOKMARK [2][-]{subsection.4.3}{\376\377\000C\000o\000m\000p\000a\000r\000i\000s\000o\000n\000\040\000t\000o\000\040\000E\000q\000u\000a\000l\000-\000C\000o\000m\000p\000u\000t\000e\000\040\000M\000o\000n\000o\000l\000i\000t\000h\000i\000c\000\040\000T\000r\000a\000i\000n\000i\000n\000g}{section.4}% 7
\BOOKMARK [2][-]{subsection.4.4}{\376\377\000T\000r\000a\000i\000n\000i\000n\000g\000\040\000D\000u\000r\000a\000t\000i\000o\000n\000\040\000a\000n\000d\000\040\000t\000h\000e\000\040\000R\000o\000l\000e\000\040\000o\000f\000\040\000F\000r\000o\000z\000e\000n\000\040\000L\000a\000y\000e\000r\000s}{section.4}% 8
\BOOKMARK [2][-]{subsection.4.5}{\376\377\000A\000l\000l\000\040\000S\000p\000e\000c\000i\000a\000l\000i\000s\000t\000s\000\040\000M\000u\000s\000t\000\040\000R\000u\000n\000:\000\040\000S\000i\000n\000g\000l\000e\000-\000S\000p\000e\000c\000i\000a\000l\000i\000s\000t\000\040\000D\000i\000s\000p\000a\000t\000c\000h\000\040\000F\000a\000i\000l\000s\000\040\000C\000a\000t\000a\000s\000t\000r\000o\000p\000h\000i\000c\000a\000l\000l\000y}{section.4}% 9
\BOOKMARK [2][-]{subsection.4.6}{\376\377\000C\000a\000p\000a\000c\000i\000t\000y\000\040\000C\000o\000n\000t\000r\000o\000l\000s\000:\000\040\000P\000a\000r\000a\000m\000e\000t\000e\000r\000\040\000C\000o\000u\000n\000t\000\040\000I\000s\000\040\000N\000o\000t\000\040\000t\000h\000e\000\040\000M\000e\000c\000h\000a\000n\000i\000s\000m}{section.4}% 10
\BOOKMARK [2][-]{subsection.4.7}{\376\377\000S\000h\000a\000r\000e\000d\000\040\000I\000n\000i\000t\000i\000a\000l\000i\000s\000a\000t\000i\000o\000n\000:\000\040\000R\000o\000u\000t\000i\000n\000g\000\040\000C\000l\000a\000r\000i\000t\000y\000\040\000D\000e\000g\000r\000a\000d\000e\000s\000\040\000U\000n\000d\000e\000r\000\040\000C\000h\000e\000c\000k\000p\000o\000i\000n\000t\000\040\000M\000i\000s\000m\000a\000t\000c\000h}{section.4}% 11
\BOOKMARK [2][-]{subsection.4.8}{\376\377\000H\000e\000t\000e\000r\000o\000g\000e\000n\000e\000o\000u\000s\000\040\000C\000o\000o\000p\000e\000r\000a\000t\000i\000v\000e\000:\000\040\000R\000o\000b\000u\000s\000t\000n\000e\000s\000s\000\040\000t\000o\000\040\000R\000e\000a\000l\000i\000s\000t\000i\000c\000\040\000C\000o\000n\000t\000r\000i\000b\000u\000t\000o\000r\000\040\000V\000a\000r\000i\000a\000t\000i\000o\000n}{section.4}% 12
\BOOKMARK [2][-]{subsection.4.9}{\376\377\000H\000i\000g\000h\000-\000D\000i\000v\000e\000r\000g\000e\000n\000c\000e\000\040\000D\000o\000m\000a\000i\000n\000s\000:\000\040\000P\000h\000a\000s\000e\000\040\0002\000\040\000E\000x\000p\000e\000r\000i\000m\000e\000n\000t\000s}{section.4}% 13
\BOOKMARK [3][-]{subsubsection.4.9.1}{\376\377\000P\000r\000i\000v\000a\000t\000e\000-\000D\000o\000m\000a\000i\000n\000\040\000F\000u\000s\000i\000o\000n\000\040\000\050\000E\000x\000p\000e\000r\000i\000m\000e\000n\000t\000\040\0002\000\051}{subsection.4.9}% 14
\BOOKMARK [3][-]{subsubsection.4.9.2}{\376\377\000C\000r\000o\000s\000s\000-\000L\000i\000n\000g\000u\000a\000l\000\040\000F\000u\000s\000i\000o\000n\000\040\000\050\000E\000x\000p\000e\000r\000i\000m\000e\000n\000t\000\040\0001\000\051}{subsection.4.9}% 15
\BOOKMARK [3][-]{subsubsection.4.9.3}{\376\377\0002\0000\000-\000C\000o\000n\000t\000r\000i\000b\000u\000t\000o\000r\000\040\000F\000e\000d\000e\000r\000a\000t\000i\000o\000n\000\040\000\050\000E\000x\000p\000e\000r\000i\000m\000e\000n\000t\000\040\0003\000\051}{subsection.4.9}% 16
\BOOKMARK [2][-]{subsection.4.10}{\376\377\000D\000i\000v\000e\000r\000g\000e\000n\000c\000e\040\023\000G\000a\000i\000n\000\040\000R\000e\000l\000a\000t\000i\000o\000n\000s\000h\000i\000p}{section.4}% 17
\BOOKMARK [1][-]{section.5}{\376\377\000A\000n\000a\000l\000y\000s\000i\000s}{}% 18
\BOOKMARK [1][-]{section.6}{\376\377\000D\000i\000s\000c\000u\000s\000s\000i\000o\000n\000\040\000a\000n\000d\000\040\000L\000i\000m\000i\000t\000a\000t\000i\000o\000n\000s}{}% 19
\BOOKMARK [1][-]{section.7}{\376\377\000C\000o\000n\000c\000l\000u\000s\000i\000o\000n}{}% 20
\BOOKMARK [1][-]{appendix.A}{\376\377\000C\000o\000m\000p\000l\000e\000t\000e\000\040\000E\000x\000p\000e\000r\000i\000m\000e\000n\000t\000\040\000I\000n\000v\000e\000n\000t\000o\000r\000y}{}% 21
\BOOKMARK [1][-]{appendix.B}{\376\377\000S\000y\000n\000t\000h\000e\000t\000i\000c\000\040\0002\0005\000M\000\040\000P\000r\000o\000o\000f\000-\000o\000f\000-\000C\000o\000n\000c\000e\000p\000t}{}% 22
\BOOKMARK [1][-]{appendix.C}{\376\377\000D\000e\000s\000i\000g\000n\000\040\000D\000e\000c\000i\000s\000i\000o\000n\000s}{}% 23
\BOOKMARK [1][-]{appendix.D}{\376\377\000T\000r\000a\000i\000n\000i\000n\000g\000\040\000D\000u\000r\000a\000t\000i\000o\000n\000\040\000C\000r\000o\000s\000s\000o\000v\000e\000r\000\040\000F\000i\000g\000u\000r\000e}{}% 24
\BOOKMARK [1][-]{appendix.E}{\376\377\000F\000r\000e\000e\000z\000e\000\040\000D\000e\000p\000t\000h\000\040\000S\000w\000e\000e\000p}{}% 25
\BOOKMARK [1][-]{appendix.F}{\376\377\000E\000q\000u\000a\000l\000-\000C\000o\000m\000p\000u\000t\000e\000\040\000M\000o\000n\000o\000l\000i\000t\000h\000i\000c\000\040\000C\000o\000m\000p\000a\000r\000i\000s\000o\000n}{}% 26
\BOOKMARK [1][-]{appendix.G}{\376\377\000R\000o\000u\000t\000e\000r\000\040\000A\000r\000c\000h\000i\000t\000e\000c\000t\000u\000r\000e\000\040\000A\000b\000l\000a\000t\000i\000o\000n}{}% 27
\BOOKMARK [1][-]{appendix.H}{\376\377\000D\000i\000s\000p\000a\000t\000c\000h\000\040\000F\000a\000i\000l\000u\000r\000e\000\040\000a\000n\000d\000\040\000C\000a\000p\000a\000c\000i\000t\000y\000\040\000C\000o\000n\000t\000r\000o\000l\000s}{}% 28
\BOOKMARK [1][-]{appendix.I}{\376\377\000M\000a\000t\000u\000r\000i\000t\000y\000\040\000S\000w\000e\000e\000p\000s}{}% 29
\BOOKMARK [1][-]{appendix.J}{\376\377\0005\000-\000D\000o\000m\000a\000i\000n\000\040\000S\000p\000e\000c\000i\000a\000l\000i\000s\000t\000\040\000S\000c\000a\000l\000i\000n\000g}{}% 30
\BOOKMARK [1][-]{appendix.K}{\376\377\000T\000r\000a\000i\000n\000i\000n\000g\000\040\000D\000y\000n\000a\000m\000i\000c\000s}{}% 31
\BOOKMARK [1][-]{appendix.L}{\376\377\000D\000o\000w\000n\000s\000t\000r\000e\000a\000m\000\040\000B\000e\000n\000c\000h\000m\000a\000r\000k\000\040\000R\000e\000s\000u\000l\000t\000s}{}% 32
\BOOKMARK [1][-]{appendix.M}{\376\377\000Q\000w\000e\000n\000-\0001\000.\0005\000B\000\040\000R\000e\000s\000u\000l\000t}{}% 33
\BOOKMARK [1][-]{appendix.N}{\376\377\000H\000y\000b\000r\000i\000d\000\040\000R\000o\000u\000t\000i\000n\000g\000\040\000V\000i\000s\000u\000a\000l\000i\000s\000a\000t\000i\000o\000n}{}% 34
\BOOKMARK [1][-]{appendix.O}{\376\377\000I\000n\000f\000e\000r\000e\000n\000c\000e\000\040\000B\000e\000n\000c\000h\000m\000a\000r\000k}{}% 35
\BOOKMARK [1][-]{appendix.P}{\376\377\000R\000e\000s\000u\000l\000t\000s\000\040\000I\000n\000t\000e\000g\000r\000i\000t\000y\000\040\000A\000u\000d\000i\000t}{}% 36
\BOOKMARK [1][-]{appendix.Q}{\376\377\000P\000h\000a\000s\000e\000\040\0002\000\040\000D\000e\000t\000a\000i\000l\000e\000d\000\040\000R\000e\000s\000u\000l\000t\000s}{}% 37
\BOOKMARK [2][-]{subsection.Q.1}{\376\377\000E\000x\000p\000e\000r\000i\000m\000e\000n\000t\000\040\0002\000:\000\040\000P\000r\000i\000v\000a\000t\000e\000-\000D\000o\000m\000a\000i\000n\000\040\000F\000u\000s\000i\000o\000n}{appendix.Q}% 38
\BOOKMARK [2][-]{subsection.Q.2}{\376\377\000E\000x\000p\000e\000r\000i\000m\000e\000n\000t\000\040\0001\000:\000\040\000C\000r\000o\000s\000s\000-\000L\000i\000n\000g\000u\000a\000l\000\040\000F\000u\000s\000i\000o\000n}{appendix.Q}% 39
\BOOKMARK [1][-]{appendix.R}{\376\377\000E\000v\000a\000l\000u\000a\000t\000i\000o\000n\000\040\000C\000o\000r\000r\000e\000c\000t\000i\000o\000n\000\040\000M\000e\000t\000h\000o\000d\000o\000l\000o\000g\000y}{}% 40
